#
# There is insufficient memory for the Java Runtime Environment to continue.
# Native memory allocation (malloc) failed to allocate 1986256 bytes for Chunk::new
# Possible reasons:
#   The system is out of physical RAM or swap space
#   The process is running with CompressedOops enabled, and the Java Heap may be blocking the growth of the native heap
# Possible solutions:
#   Reduce memory load on the system
#   Increase physical memory or swap space
#   Check if swap backing store is full
#   Decrease Java heap size (-Xmx/-Xms)
#   Decrease number of Java threads
#   Decrease Java thread stack sizes (-Xss)
#   Set larger code cache with -XX:ReservedCodeCacheSize=
#   JVM is running with Unscaled Compressed Oops mode in which the Java heap is
#     placed in the first 4GB address space. The Java Heap base address is the
#     maximum limit for the native heap growth. Please use -XX:HeapBaseMinAddress
#     to set the Java Heap base and to place the Java Heap above 4GB virtual address.
# This output file may be truncated or incomplete.
#
#  Out of Memory Error (arena.cpp:189), pid=6272, tid=14916
#
# JRE version: Java(TM) SE Runtime Environment (17.0.12+8) (build 17.0.12+8-LTS-286)
# Java VM: Java HotSpot(TM) 64-Bit Server VM (17.0.12+8-LTS-286, mixed mode, sharing, tiered, compressed oops, compressed class ptrs, g1 gc, windows-amd64)
# No core dump will be written. Minidumps are not enabled by default on client versions of Windows
#

---------------  S U M M A R Y ------------

Command Line: --add-opens=java.base/java.lang=ALL-UNNAMED --add-opens=java.base/java.lang.invoke=ALL-UNNAMED --add-opens=java.base/java.util=ALL-UNNAMED --add-opens=java.prefs/java.util.prefs=ALL-UNNAMED --add-exports=jdk.compiler/com.sun.tools.javac.api=ALL-UNNAMED --add-exports=jdk.compiler/com.sun.tools.javac.util=ALL-UNNAMED --add-opens=java.base/java.util=ALL-UNNAMED --add-opens=java.prefs/java.util.prefs=ALL-UNNAMED --add-opens=java.base/java.nio.charset=ALL-UNNAMED --add-opens=java.base/java.net=ALL-UNNAMED --add-opens=java.base/java.util.concurrent.atomic=ALL-UNNAMED --add-opens=java.xml/javax.xml.namespace=ALL-UNNAMED -XX:MaxMetaspaceSize=384m -XX:+HeapDumpOnOutOfMemoryError -Xms256m -Xmx512m -Dfile.encoding=x-windows-949 -Duser.country=KR -Duser.language=ko -Duser.variant -javaagent:C:\Users\samsung\.gradle\wrapper\dists\gradle-8.14.3-bin\cv11ve7ro1n3o1j4so8xd9n66\gradle-8.14.3\lib\agents\gradle-instrumentation-agent-8.14.3.jar org.gradle.launcher.daemon.bootstrap.GradleDaemon 8.14.3

Host: 13th Gen Intel(R) Core(TM) i5-1340P, 16 cores, 7G,  Windows 11 , 64 bit Build 26100 (10.0.26100.6725)
Time: Mon Nov 10 00:30:37 2025  Windows 11 , 64 bit Build 26100 (10.0.26100.6725) elapsed time: 9.517222 seconds (0d 0h 0m 9s)

---------------  T H R E A D  ---------------

Current thread (0x00000209f97caeb0):  JavaThread "C2 CompilerThread1" daemon [_thread_in_native, id=14916, stack(0x0000002d08e00000,0x0000002d08f00000)]


Current CompileTask:
C2:   9519 2693   !   4       java.net.URLClassLoader::findClass (47 bytes)

Stack: [0x0000002d08e00000,0x0000002d08f00000]
Native frames: (J=compiled Java code, j=interpreted, Vv=VM code, C=native code)
V  [jvm.dll+0x67a04a]
V  [jvm.dll+0x7da4ed]
V  [jvm.dll+0x7dbe33]
V  [jvm.dll+0x7dc4a3]
V  [jvm.dll+0x24508f]
V  [jvm.dll+0xab773]
V  [jvm.dll+0xabd3c]
V  [jvm.dll+0x361b9f]
V  [jvm.dll+0x32c431]
V  [jvm.dll+0x32b8ca]
V  [jvm.dll+0x21683f]
V  [jvm.dll+0x215c6f]
V  [jvm.dll+0x1a2960]
V  [jvm.dll+0x22610b]
V  [jvm.dll+0x2242ab]
V  [jvm.dll+0x79075c]
V  [jvm.dll+0x78abea]
V  [jvm.dll+0x678f35]
C  [ucrtbase.dll+0x37b0]
C  [KERNEL32.DLL+0x2e8d7]
C  [ntdll.dll+0x8c53c]


---------------  P R O C E S S  ---------------

Threads class SMR info:
_java_thread_list=0x00000209fba6b4f0, length=29, elements={
0x00000209d61d48c0, 0x00000209f3542840, 0x00000209f3543310, 0x00000209f3557760,
0x00000209f3559140, 0x00000209f355ba20, 0x00000209f355c2f0, 0x00000209f355cfa0,
0x00000209f355d960, 0x00000209f356ffe0, 0x00000209f352e630, 0x00000209f37fa410,
0x00000209f8544de0, 0x00000209f9671890, 0x00000209f96da5f0, 0x00000209f9590e20,
0x00000209f9593350, 0x00000209f95d3e40, 0x00000209f95d3930, 0x00000209f95d1fe0,
0x00000209f95d3420, 0x00000209f95d4d70, 0x00000209f97caeb0, 0x00000209f95d4860,
0x00000209f95d15c0, 0x00000209f95d24f0, 0x00000209f9c578b0, 0x00000209f9c56370,
0x00000209f9c57e00
}

Java Threads: ( => current thread )
  0x00000209d61d48c0 JavaThread "main" [_thread_blocked, id=32488, stack(0x0000002d07400000,0x0000002d07500000)]
  0x00000209f3542840 JavaThread "Reference Handler" daemon [_thread_blocked, id=12968, stack(0x0000002d07b00000,0x0000002d07c00000)]
  0x00000209f3543310 JavaThread "Finalizer" daemon [_thread_blocked, id=5572, stack(0x0000002d07c00000,0x0000002d07d00000)]
  0x00000209f3557760 JavaThread "Signal Dispatcher" daemon [_thread_blocked, id=13496, stack(0x0000002d07d00000,0x0000002d07e00000)]
  0x00000209f3559140 JavaThread "Attach Listener" daemon [_thread_blocked, id=34660, stack(0x0000002d07e00000,0x0000002d07f00000)]
  0x00000209f355ba20 JavaThread "Service Thread" daemon [_thread_blocked, id=31716, stack(0x0000002d07f00000,0x0000002d08000000)]
  0x00000209f355c2f0 JavaThread "Monitor Deflation Thread" daemon [_thread_blocked, id=9140, stack(0x0000002d08000000,0x0000002d08100000)]
  0x00000209f355cfa0 JavaThread "C2 CompilerThread0" daemon [_thread_in_native, id=20996, stack(0x0000002d08100000,0x0000002d08200000)]
  0x00000209f355d960 JavaThread "C1 CompilerThread0" daemon [_thread_blocked, id=27676, stack(0x0000002d08200000,0x0000002d08300000)]
  0x00000209f356ffe0 JavaThread "Sweeper thread" daemon [_thread_blocked, id=8904, stack(0x0000002d08300000,0x0000002d08400000)]
  0x00000209f352e630 JavaThread "Common-Cleaner" daemon [_thread_blocked, id=27012, stack(0x0000002d08400000,0x0000002d08500000)]
  0x00000209f37fa410 JavaThread "Notification Thread" daemon [_thread_blocked, id=5996, stack(0x0000002d08700000,0x0000002d08800000)]
  0x00000209f8544de0 JavaThread "Daemon health stats" [_thread_blocked, id=27492, stack(0x0000002d09100000,0x0000002d09200000)]
  0x00000209f9671890 JavaThread "Incoming local TCP Connector on port 52221" [_thread_in_native, id=34456, stack(0x0000002d09200000,0x0000002d09300000)]
  0x00000209f96da5f0 JavaThread "Daemon periodic checks" [_thread_blocked, id=29764, stack(0x0000002d09300000,0x0000002d09400000)]
  0x00000209f9590e20 JavaThread "Daemon" [_thread_blocked, id=17140, stack(0x0000002d09400000,0x0000002d09500000)]
  0x00000209f9593350 JavaThread "Handler for socket connection from /127.0.0.1:52221 to /127.0.0.1:52222" [_thread_in_native, id=12664, stack(0x0000002d09500000,0x0000002d09600000)]
  0x00000209f95d3e40 JavaThread "Cancel handler" [_thread_blocked, id=4864, stack(0x0000002d09600000,0x0000002d09700000)]
  0x00000209f95d3930 JavaThread "Daemon worker" [_thread_blocked, id=33644, stack(0x0000002d09700000,0x0000002d09800000)]
  0x00000209f95d1fe0 JavaThread "Asynchronous log dispatcher for DefaultDaemonConnection: socket connection from /127.0.0.1:52221 to /127.0.0.1:52222" [_thread_blocked, id=17436, stack(0x0000002d09800000,0x0000002d09900000)]
  0x00000209f95d3420 JavaThread "Stdin handler" [_thread_blocked, id=25812, stack(0x0000002d08500000,0x0000002d08600000)]
  0x00000209f95d4d70 JavaThread "Daemon client event forwarder" [_thread_blocked, id=26976, stack(0x0000002d08600000,0x0000002d08700000)]
=>0x00000209f97caeb0 JavaThread "C2 CompilerThread1" daemon [_thread_in_native, id=14916, stack(0x0000002d08e00000,0x0000002d08f00000)]
  0x00000209f95d4860 JavaThread "Cache worker for journal cache (C:\Users\samsung\.gradle\caches\journal-1)" [_thread_blocked, id=10580, stack(0x0000002d09a00000,0x0000002d09b00000)]
  0x00000209f95d15c0 JavaThread "File lock request listener" [_thread_in_native, id=28908, stack(0x0000002d09b00000,0x0000002d09c00000)]
  0x00000209f95d24f0 JavaThread "Cache worker for file hash cache (C:\Users\samsung\.gradle\caches\8.14.3\fileHashes)" [_thread_blocked, id=31440, stack(0x0000002d09c00000,0x0000002d09d00000)]
  0x00000209f9c578b0 JavaThread "C2 CompilerThread2" daemon [_thread_blocked, id=2604, stack(0x0000002d09d00000,0x0000002d09e00000)]
  0x00000209f9c56370 JavaThread "C1 CompilerThread1" daemon [_thread_blocked, id=2172, stack(0x0000002d09900000,0x0000002d09a00000)]
  0x00000209f9c57e00 JavaThread "C1 CompilerThread2" daemon [_thread_blocked, id=15080, stack(0x0000002d09e00000,0x0000002d09f00000)]

Other Threads:
  0x00000209f3540ea0 VMThread "VM Thread" [stack: 0x0000002d07a00000,0x0000002d07b00000] [id=27812] _threads_hazard_ptr=0x00000209fba6b4f0
  0x00000209f389cc50 WatcherThread [stack: 0x0000002d08800000,0x0000002d08900000] [id=10344]
  0x00000209d6202540 GCTaskThread "GC Thread#0" [stack: 0x0000002d07500000,0x0000002d07600000] [id=5456]
  0x00000209f800c090 GCTaskThread "GC Thread#1" [stack: 0x0000002d08900000,0x0000002d08a00000] [id=14556]
  0x00000209f3a0ace0 GCTaskThread "GC Thread#2" [stack: 0x0000002d08a00000,0x0000002d08b00000] [id=29656]
  0x00000209f3a0afa0 GCTaskThread "GC Thread#3" [stack: 0x0000002d08b00000,0x0000002d08c00000] [id=14776]
  0x00000209f3a0b670 GCTaskThread "GC Thread#4" [stack: 0x0000002d08c00000,0x0000002d08d00000] [id=23996]
  0x00000209f3a24300 GCTaskThread "GC Thread#5" [stack: 0x0000002d08d00000,0x0000002d08e00000] [id=20288]
  0x00000209f94e25a0 GCTaskThread "GC Thread#6" [stack: 0x0000002d08f00000,0x0000002d09000000] [id=16108]
  0x00000209f8e53bb0 GCTaskThread "GC Thread#7" [stack: 0x0000002d09000000,0x0000002d09100000] [id=26716]
  0x00000209d62073a0 ConcurrentGCThread "G1 Main Marker" [stack: 0x0000002d07600000,0x0000002d07700000] [id=11380]
  0x00000209d6207cc0 ConcurrentGCThread "G1 Conc#0" [stack: 0x0000002d07700000,0x0000002d07800000] [id=25872]
  0x00000209f33f6510 ConcurrentGCThread "G1 Refine#0" [stack: 0x0000002d07800000,0x0000002d07900000] [id=31176]
  0x00000209f33f6cf0 ConcurrentGCThread "G1 Service" [stack: 0x0000002d07900000,0x0000002d07a00000] [id=27124]

Threads with active compile tasks:
C2 CompilerThread0    10562 2694       4       java.net.URLClassLoader$1::run (5 bytes)
C2 CompilerThread1    10562 2693   !   4       java.net.URLClassLoader::findClass (47 bytes)
C2 CompilerThread2    10562 2695   !   4       java.net.URLClassLoader$1::run (81 bytes)

VM state: not at safepoint (normal execution)

VM Mutex/Monitor currently owned by a thread: None

Heap address: 0x00000000e0000000, size: 512 MB, Compressed Oops mode: 32-bit

CDS archive(s) mapped at: [0x0000020980000000-0x0000020980bd0000-0x0000020980bd0000), size 12386304, SharedBaseAddress: 0x0000020980000000, ArchiveRelocationMode: 1.
Compressed class space mapped at: 0x0000020981000000-0x0000020995000000, reserved size: 335544320
Narrow klass base: 0x0000020980000000, Narrow klass shift: 0, Narrow klass range: 0x100000000

GC Precious Log:
 CPUs: 16 total, 16 available
 Memory: 7751M
 Large Page Support: Disabled
 NUMA Support: Disabled
 Compressed Oops: Enabled (32-bit)
 Heap Region Size: 1M
 Heap Min Capacity: 256M
 Heap Initial Capacity: 256M
 Heap Max Capacity: 512M
 Pre-touch: Disabled
 Parallel Workers: 13
 Concurrent Workers: 3
 Concurrent Refinement Workers: 13
 Periodic GC: Disabled

Heap:
 garbage-first heap   total 262144K, used 96669K [0x00000000e0000000, 0x0000000100000000)
  region size 1024K, 86 young (88064K), 8 survivors (8192K)
 Metaspace       used 18680K, committed 18944K, reserved 393216K
  class space    used 2679K, committed 2816K, reserved 327680K

Heap Regions: E=young(eden), S=young(survivor), O=old, HS=humongous(starts), HC=humongous(continues), CS=collection set, F=free, OA=open archive, CA=closed archive, TAMS=top-at-mark-start (previous, next)
|   0|0x00000000e0000000, 0x00000000e0100000, 0x00000000e0100000|100%|HS|  |TAMS 0x00000000e0000000, 0x00000000e0000000| Complete 
|   1|0x00000000e0100000, 0x00000000e0200000, 0x00000000e0200000|100%|HC|  |TAMS 0x00000000e0100000, 0x00000000e0100000| Complete 
|   2|0x00000000e0200000, 0x00000000e0300000, 0x00000000e0300000|100%|HC|  |TAMS 0x00000000e0200000, 0x00000000e0200000| Complete 
|   3|0x00000000e0300000, 0x00000000e0400000, 0x00000000e0400000|100%| O|  |TAMS 0x00000000e0300000, 0x00000000e0300000| Untracked 
|   4|0x00000000e0400000, 0x00000000e0500000, 0x00000000e0500000|100%| O|  |TAMS 0x00000000e0400000, 0x00000000e0400000| Untracked 
|   5|0x00000000e0500000, 0x00000000e0600000, 0x00000000e0600000|100%| O|  |TAMS 0x00000000e0500000, 0x00000000e0500000| Untracked 
|   6|0x00000000e0600000, 0x00000000e0700000, 0x00000000e0700000|100%|HS|  |TAMS 0x00000000e0600000, 0x00000000e0600000| Complete 
|   7|0x00000000e0700000, 0x00000000e0700000, 0x00000000e0800000|  0%| F|  |TAMS 0x00000000e0700000, 0x00000000e0700000| Untracked 
|   8|0x00000000e0800000, 0x00000000e0900000, 0x00000000e0900000|100%| O|  |TAMS 0x00000000e0800000, 0x00000000e0800000| Untracked 
|   9|0x00000000e0900000, 0x00000000e0a00000, 0x00000000e0a00000|100%| O|  |TAMS 0x00000000e0900000, 0x00000000e0900000| Untracked 
|  10|0x00000000e0a00000, 0x00000000e0a67600, 0x00000000e0b00000| 40%| O|  |TAMS 0x00000000e0a00000, 0x00000000e0a00000| Untracked 
|  11|0x00000000e0b00000, 0x00000000e0b00000, 0x00000000e0c00000|  0%| F|  |TAMS 0x00000000e0b00000, 0x00000000e0b00000| Untracked 
|  12|0x00000000e0c00000, 0x00000000e0c00000, 0x00000000e0d00000|  0%| F|  |TAMS 0x00000000e0c00000, 0x00000000e0c00000| Untracked 
|  13|0x00000000e0d00000, 0x00000000e0d00000, 0x00000000e0e00000|  0%| F|  |TAMS 0x00000000e0d00000, 0x00000000e0d00000| Untracked 
|  14|0x00000000e0e00000, 0x00000000e0e00000, 0x00000000e0f00000|  0%| F|  |TAMS 0x00000000e0e00000, 0x00000000e0e00000| Untracked 
|  15|0x00000000e0f00000, 0x00000000e0f00000, 0x00000000e1000000|  0%| F|  |TAMS 0x00000000e0f00000, 0x00000000e0f00000| Untracked 
|  16|0x00000000e1000000, 0x00000000e1000000, 0x00000000e1100000|  0%| F|  |TAMS 0x00000000e1000000, 0x00000000e1000000| Untracked 
|  17|0x00000000e1100000, 0x00000000e1100000, 0x00000000e1200000|  0%| F|  |TAMS 0x00000000e1100000, 0x00000000e1100000| Untracked 
|  18|0x00000000e1200000, 0x00000000e1200000, 0x00000000e1300000|  0%| F|  |TAMS 0x00000000e1200000, 0x00000000e1200000| Untracked 
|  19|0x00000000e1300000, 0x00000000e1300000, 0x00000000e1400000|  0%| F|  |TAMS 0x00000000e1300000, 0x00000000e1300000| Untracked 
|  20|0x00000000e1400000, 0x00000000e1400000, 0x00000000e1500000|  0%| F|  |TAMS 0x00000000e1400000, 0x00000000e1400000| Untracked 
|  21|0x00000000e1500000, 0x00000000e1500000, 0x00000000e1600000|  0%| F|  |TAMS 0x00000000e1500000, 0x00000000e1500000| Untracked 
|  22|0x00000000e1600000, 0x00000000e1600000, 0x00000000e1700000|  0%| F|  |TAMS 0x00000000e1600000, 0x00000000e1600000| Untracked 
|  23|0x00000000e1700000, 0x00000000e1700000, 0x00000000e1800000|  0%| F|  |TAMS 0x00000000e1700000, 0x00000000e1700000| Untracked 
|  24|0x00000000e1800000, 0x00000000e1800000, 0x00000000e1900000|  0%| F|  |TAMS 0x00000000e1800000, 0x00000000e1800000| Untracked 
|  25|0x00000000e1900000, 0x00000000e1900000, 0x00000000e1a00000|  0%| F|  |TAMS 0x00000000e1900000, 0x00000000e1900000| Untracked 
|  26|0x00000000e1a00000, 0x00000000e1a00000, 0x00000000e1b00000|  0%| F|  |TAMS 0x00000000e1a00000, 0x00000000e1a00000| Untracked 
|  27|0x00000000e1b00000, 0x00000000e1b00000, 0x00000000e1c00000|  0%| F|  |TAMS 0x00000000e1b00000, 0x00000000e1b00000| Untracked 
|  28|0x00000000e1c00000, 0x00000000e1c00000, 0x00000000e1d00000|  0%| F|  |TAMS 0x00000000e1c00000, 0x00000000e1c00000| Untracked 
|  29|0x00000000e1d00000, 0x00000000e1d00000, 0x00000000e1e00000|  0%| F|  |TAMS 0x00000000e1d00000, 0x00000000e1d00000| Untracked 
|  30|0x00000000e1e00000, 0x00000000e1e00000, 0x00000000e1f00000|  0%| F|  |TAMS 0x00000000e1e00000, 0x00000000e1e00000| Untracked 
|  31|0x00000000e1f00000, 0x00000000e1f00000, 0x00000000e2000000|  0%| F|  |TAMS 0x00000000e1f00000, 0x00000000e1f00000| Untracked 
|  32|0x00000000e2000000, 0x00000000e2000000, 0x00000000e2100000|  0%| F|  |TAMS 0x00000000e2000000, 0x00000000e2000000| Untracked 
|  33|0x00000000e2100000, 0x00000000e2100000, 0x00000000e2200000|  0%| F|  |TAMS 0x00000000e2100000, 0x00000000e2100000| Untracked 
|  34|0x00000000e2200000, 0x00000000e2200000, 0x00000000e2300000|  0%| F|  |TAMS 0x00000000e2200000, 0x00000000e2200000| Untracked 
|  35|0x00000000e2300000, 0x00000000e2300000, 0x00000000e2400000|  0%| F|  |TAMS 0x00000000e2300000, 0x00000000e2300000| Untracked 
|  36|0x00000000e2400000, 0x00000000e2400000, 0x00000000e2500000|  0%| F|  |TAMS 0x00000000e2400000, 0x00000000e2400000| Untracked 
|  37|0x00000000e2500000, 0x00000000e2500000, 0x00000000e2600000|  0%| F|  |TAMS 0x00000000e2500000, 0x00000000e2500000| Untracked 
|  38|0x00000000e2600000, 0x00000000e2600000, 0x00000000e2700000|  0%| F|  |TAMS 0x00000000e2600000, 0x00000000e2600000| Untracked 
|  39|0x00000000e2700000, 0x00000000e2700000, 0x00000000e2800000|  0%| F|  |TAMS 0x00000000e2700000, 0x00000000e2700000| Untracked 
|  40|0x00000000e2800000, 0x00000000e2800000, 0x00000000e2900000|  0%| F|  |TAMS 0x00000000e2800000, 0x00000000e2800000| Untracked 
|  41|0x00000000e2900000, 0x00000000e2900000, 0x00000000e2a00000|  0%| F|  |TAMS 0x00000000e2900000, 0x00000000e2900000| Untracked 
|  42|0x00000000e2a00000, 0x00000000e2a00000, 0x00000000e2b00000|  0%| F|  |TAMS 0x00000000e2a00000, 0x00000000e2a00000| Untracked 
|  43|0x00000000e2b00000, 0x00000000e2b00000, 0x00000000e2c00000|  0%| F|  |TAMS 0x00000000e2b00000, 0x00000000e2b00000| Untracked 
|  44|0x00000000e2c00000, 0x00000000e2c00000, 0x00000000e2d00000|  0%| F|  |TAMS 0x00000000e2c00000, 0x00000000e2c00000| Untracked 
|  45|0x00000000e2d00000, 0x00000000e2d00000, 0x00000000e2e00000|  0%| F|  |TAMS 0x00000000e2d00000, 0x00000000e2d00000| Untracked 
|  46|0x00000000e2e00000, 0x00000000e2e00000, 0x00000000e2f00000|  0%| F|  |TAMS 0x00000000e2e00000, 0x00000000e2e00000| Untracked 
|  47|0x00000000e2f00000, 0x00000000e2f00000, 0x00000000e3000000|  0%| F|  |TAMS 0x00000000e2f00000, 0x00000000e2f00000| Untracked 
|  48|0x00000000e3000000, 0x00000000e3000000, 0x00000000e3100000|  0%| F|  |TAMS 0x00000000e3000000, 0x00000000e3000000| Untracked 
|  49|0x00000000e3100000, 0x00000000e3100000, 0x00000000e3200000|  0%| F|  |TAMS 0x00000000e3100000, 0x00000000e3100000| Untracked 
|  50|0x00000000e3200000, 0x00000000e3200000, 0x00000000e3300000|  0%| F|  |TAMS 0x00000000e3200000, 0x00000000e3200000| Untracked 
|  51|0x00000000e3300000, 0x00000000e3300000, 0x00000000e3400000|  0%| F|  |TAMS 0x00000000e3300000, 0x00000000e3300000| Untracked 
|  52|0x00000000e3400000, 0x00000000e3400000, 0x00000000e3500000|  0%| F|  |TAMS 0x00000000e3400000, 0x00000000e3400000| Untracked 
|  53|0x00000000e3500000, 0x00000000e3500000, 0x00000000e3600000|  0%| F|  |TAMS 0x00000000e3500000, 0x00000000e3500000| Untracked 
|  54|0x00000000e3600000, 0x00000000e3600000, 0x00000000e3700000|  0%| F|  |TAMS 0x00000000e3600000, 0x00000000e3600000| Untracked 
|  55|0x00000000e3700000, 0x00000000e3700000, 0x00000000e3800000|  0%| F|  |TAMS 0x00000000e3700000, 0x00000000e3700000| Untracked 
|  56|0x00000000e3800000, 0x00000000e3800000, 0x00000000e3900000|  0%| F|  |TAMS 0x00000000e3800000, 0x00000000e3800000| Untracked 
|  57|0x00000000e3900000, 0x00000000e3900000, 0x00000000e3a00000|  0%| F|  |TAMS 0x00000000e3900000, 0x00000000e3900000| Untracked 
|  58|0x00000000e3a00000, 0x00000000e3a00000, 0x00000000e3b00000|  0%| F|  |TAMS 0x00000000e3a00000, 0x00000000e3a00000| Untracked 
|  59|0x00000000e3b00000, 0x00000000e3b00000, 0x00000000e3c00000|  0%| F|  |TAMS 0x00000000e3b00000, 0x00000000e3b00000| Untracked 
|  60|0x00000000e3c00000, 0x00000000e3c00000, 0x00000000e3d00000|  0%| F|  |TAMS 0x00000000e3c00000, 0x00000000e3c00000| Untracked 
|  61|0x00000000e3d00000, 0x00000000e3d00000, 0x00000000e3e00000|  0%| F|  |TAMS 0x00000000e3d00000, 0x00000000e3d00000| Untracked 
|  62|0x00000000e3e00000, 0x00000000e3e00000, 0x00000000e3f00000|  0%| F|  |TAMS 0x00000000e3e00000, 0x00000000e3e00000| Untracked 
|  63|0x00000000e3f00000, 0x00000000e3f00000, 0x00000000e4000000|  0%| F|  |TAMS 0x00000000e3f00000, 0x00000000e3f00000| Untracked 
|  64|0x00000000e4000000, 0x00000000e4000000, 0x00000000e4100000|  0%| F|  |TAMS 0x00000000e4000000, 0x00000000e4000000| Untracked 
|  65|0x00000000e4100000, 0x00000000e4100000, 0x00000000e4200000|  0%| F|  |TAMS 0x00000000e4100000, 0x00000000e4100000| Untracked 
|  66|0x00000000e4200000, 0x00000000e4200000, 0x00000000e4300000|  0%| F|  |TAMS 0x00000000e4200000, 0x00000000e4200000| Untracked 
|  67|0x00000000e4300000, 0x00000000e4300000, 0x00000000e4400000|  0%| F|  |TAMS 0x00000000e4300000, 0x00000000e4300000| Untracked 
|  68|0x00000000e4400000, 0x00000000e4400000, 0x00000000e4500000|  0%| F|  |TAMS 0x00000000e4400000, 0x00000000e4400000| Untracked 
|  69|0x00000000e4500000, 0x00000000e4500000, 0x00000000e4600000|  0%| F|  |TAMS 0x00000000e4500000, 0x00000000e4500000| Untracked 
|  70|0x00000000e4600000, 0x00000000e4600000, 0x00000000e4700000|  0%| F|  |TAMS 0x00000000e4600000, 0x00000000e4600000| Untracked 
|  71|0x00000000e4700000, 0x00000000e4700000, 0x00000000e4800000|  0%| F|  |TAMS 0x00000000e4700000, 0x00000000e4700000| Untracked 
|  72|0x00000000e4800000, 0x00000000e4800000, 0x00000000e4900000|  0%| F|  |TAMS 0x00000000e4800000, 0x00000000e4800000| Untracked 
|  73|0x00000000e4900000, 0x00000000e4900000, 0x00000000e4a00000|  0%| F|  |TAMS 0x00000000e4900000, 0x00000000e4900000| Untracked 
|  74|0x00000000e4a00000, 0x00000000e4a00000, 0x00000000e4b00000|  0%| F|  |TAMS 0x00000000e4a00000, 0x00000000e4a00000| Untracked 
|  75|0x00000000e4b00000, 0x00000000e4b00000, 0x00000000e4c00000|  0%| F|  |TAMS 0x00000000e4b00000, 0x00000000e4b00000| Untracked 
|  76|0x00000000e4c00000, 0x00000000e4c00000, 0x00000000e4d00000|  0%| F|  |TAMS 0x00000000e4c00000, 0x00000000e4c00000| Untracked 
|  77|0x00000000e4d00000, 0x00000000e4d00000, 0x00000000e4e00000|  0%| F|  |TAMS 0x00000000e4d00000, 0x00000000e4d00000| Untracked 
|  78|0x00000000e4e00000, 0x00000000e4e00000, 0x00000000e4f00000|  0%| F|  |TAMS 0x00000000e4e00000, 0x00000000e4e00000| Untracked 
|  79|0x00000000e4f00000, 0x00000000e4f00000, 0x00000000e5000000|  0%| F|  |TAMS 0x00000000e4f00000, 0x00000000e4f00000| Untracked 
|  80|0x00000000e5000000, 0x00000000e5000000, 0x00000000e5100000|  0%| F|  |TAMS 0x00000000e5000000, 0x00000000e5000000| Untracked 
|  81|0x00000000e5100000, 0x00000000e5100000, 0x00000000e5200000|  0%| F|  |TAMS 0x00000000e5100000, 0x00000000e5100000| Untracked 
|  82|0x00000000e5200000, 0x00000000e5200000, 0x00000000e5300000|  0%| F|  |TAMS 0x00000000e5200000, 0x00000000e5200000| Untracked 
|  83|0x00000000e5300000, 0x00000000e5300000, 0x00000000e5400000|  0%| F|  |TAMS 0x00000000e5300000, 0x00000000e5300000| Untracked 
|  84|0x00000000e5400000, 0x00000000e5400000, 0x00000000e5500000|  0%| F|  |TAMS 0x00000000e5400000, 0x00000000e5400000| Untracked 
|  85|0x00000000e5500000, 0x00000000e5500000, 0x00000000e5600000|  0%| F|  |TAMS 0x00000000e5500000, 0x00000000e5500000| Untracked 
|  86|0x00000000e5600000, 0x00000000e5600000, 0x00000000e5700000|  0%| F|  |TAMS 0x00000000e5600000, 0x00000000e5600000| Untracked 
|  87|0x00000000e5700000, 0x00000000e5700000, 0x00000000e5800000|  0%| F|  |TAMS 0x00000000e5700000, 0x00000000e5700000| Untracked 
|  88|0x00000000e5800000, 0x00000000e5800000, 0x00000000e5900000|  0%| F|  |TAMS 0x00000000e5800000, 0x00000000e5800000| Untracked 
|  89|0x00000000e5900000, 0x00000000e5900000, 0x00000000e5a00000|  0%| F|  |TAMS 0x00000000e5900000, 0x00000000e5900000| Untracked 
|  90|0x00000000e5a00000, 0x00000000e5a00000, 0x00000000e5b00000|  0%| F|  |TAMS 0x00000000e5a00000, 0x00000000e5a00000| Untracked 
|  91|0x00000000e5b00000, 0x00000000e5b00000, 0x00000000e5c00000|  0%| F|  |TAMS 0x00000000e5b00000, 0x00000000e5b00000| Untracked 
|  92|0x00000000e5c00000, 0x00000000e5c00000, 0x00000000e5d00000|  0%| F|  |TAMS 0x00000000e5c00000, 0x00000000e5c00000| Untracked 
|  93|0x00000000e5d00000, 0x00000000e5d00000, 0x00000000e5e00000|  0%| F|  |TAMS 0x00000000e5d00000, 0x00000000e5d00000| Untracked 
|  94|0x00000000e5e00000, 0x00000000e5e00000, 0x00000000e5f00000|  0%| F|  |TAMS 0x00000000e5e00000, 0x00000000e5e00000| Untracked 
|  95|0x00000000e5f00000, 0x00000000e5f00000, 0x00000000e6000000|  0%| F|  |TAMS 0x00000000e5f00000, 0x00000000e5f00000| Untracked 
|  96|0x00000000e6000000, 0x00000000e6000000, 0x00000000e6100000|  0%| F|  |TAMS 0x00000000e6000000, 0x00000000e6000000| Untracked 
|  97|0x00000000e6100000, 0x00000000e6100000, 0x00000000e6200000|  0%| F|  |TAMS 0x00000000e6100000, 0x00000000e6100000| Untracked 
|  98|0x00000000e6200000, 0x00000000e6200000, 0x00000000e6300000|  0%| F|  |TAMS 0x00000000e6200000, 0x00000000e6200000| Untracked 
|  99|0x00000000e6300000, 0x00000000e6300000, 0x00000000e6400000|  0%| F|  |TAMS 0x00000000e6300000, 0x00000000e6300000| Untracked 
| 100|0x00000000e6400000, 0x00000000e6400000, 0x00000000e6500000|  0%| F|  |TAMS 0x00000000e6400000, 0x00000000e6400000| Untracked 
| 101|0x00000000e6500000, 0x00000000e6500000, 0x00000000e6600000|  0%| F|  |TAMS 0x00000000e6500000, 0x00000000e6500000| Untracked 
| 102|0x00000000e6600000, 0x00000000e6600000, 0x00000000e6700000|  0%| F|  |TAMS 0x00000000e6600000, 0x00000000e6600000| Untracked 
| 103|0x00000000e6700000, 0x00000000e6700000, 0x00000000e6800000|  0%| F|  |TAMS 0x00000000e6700000, 0x00000000e6700000| Untracked 
| 104|0x00000000e6800000, 0x00000000e6800000, 0x00000000e6900000|  0%| F|  |TAMS 0x00000000e6800000, 0x00000000e6800000| Untracked 
| 105|0x00000000e6900000, 0x00000000e6900000, 0x00000000e6a00000|  0%| F|  |TAMS 0x00000000e6900000, 0x00000000e6900000| Untracked 
| 106|0x00000000e6a00000, 0x00000000e6a00000, 0x00000000e6b00000|  0%| F|  |TAMS 0x00000000e6a00000, 0x00000000e6a00000| Untracked 
| 107|0x00000000e6b00000, 0x00000000e6b00000, 0x00000000e6c00000|  0%| F|  |TAMS 0x00000000e6b00000, 0x00000000e6b00000| Untracked 
| 108|0x00000000e6c00000, 0x00000000e6c00000, 0x00000000e6d00000|  0%| F|  |TAMS 0x00000000e6c00000, 0x00000000e6c00000| Untracked 
| 109|0x00000000e6d00000, 0x00000000e6d00000, 0x00000000e6e00000|  0%| F|  |TAMS 0x00000000e6d00000, 0x00000000e6d00000| Untracked 
| 110|0x00000000e6e00000, 0x00000000e6e00000, 0x00000000e6f00000|  0%| F|  |TAMS 0x00000000e6e00000, 0x00000000e6e00000| Untracked 
| 111|0x00000000e6f00000, 0x00000000e6f00000, 0x00000000e7000000|  0%| F|  |TAMS 0x00000000e6f00000, 0x00000000e6f00000| Untracked 
| 112|0x00000000e7000000, 0x00000000e7000000, 0x00000000e7100000|  0%| F|  |TAMS 0x00000000e7000000, 0x00000000e7000000| Untracked 
| 113|0x00000000e7100000, 0x00000000e7100000, 0x00000000e7200000|  0%| F|  |TAMS 0x00000000e7100000, 0x00000000e7100000| Untracked 
| 114|0x00000000e7200000, 0x00000000e7200000, 0x00000000e7300000|  0%| F|  |TAMS 0x00000000e7200000, 0x00000000e7200000| Untracked 
| 115|0x00000000e7300000, 0x00000000e7300000, 0x00000000e7400000|  0%| F|  |TAMS 0x00000000e7300000, 0x00000000e7300000| Untracked 
| 116|0x00000000e7400000, 0x00000000e7400000, 0x00000000e7500000|  0%| F|  |TAMS 0x00000000e7400000, 0x00000000e7400000| Untracked 
| 117|0x00000000e7500000, 0x00000000e7500000, 0x00000000e7600000|  0%| F|  |TAMS 0x00000000e7500000, 0x00000000e7500000| Untracked 
| 118|0x00000000e7600000, 0x00000000e7600000, 0x00000000e7700000|  0%| F|  |TAMS 0x00000000e7600000, 0x00000000e7600000| Untracked 
| 119|0x00000000e7700000, 0x00000000e7700000, 0x00000000e7800000|  0%| F|  |TAMS 0x00000000e7700000, 0x00000000e7700000| Untracked 
| 120|0x00000000e7800000, 0x00000000e7800000, 0x00000000e7900000|  0%| F|  |TAMS 0x00000000e7800000, 0x00000000e7800000| Untracked 
| 121|0x00000000e7900000, 0x00000000e7900000, 0x00000000e7a00000|  0%| F|  |TAMS 0x00000000e7900000, 0x00000000e7900000| Untracked 
| 122|0x00000000e7a00000, 0x00000000e7a00000, 0x00000000e7b00000|  0%| F|  |TAMS 0x00000000e7a00000, 0x00000000e7a00000| Untracked 
| 123|0x00000000e7b00000, 0x00000000e7b00000, 0x00000000e7c00000|  0%| F|  |TAMS 0x00000000e7b00000, 0x00000000e7b00000| Untracked 
| 124|0x00000000e7c00000, 0x00000000e7c00000, 0x00000000e7d00000|  0%| F|  |TAMS 0x00000000e7c00000, 0x00000000e7c00000| Untracked 
| 125|0x00000000e7d00000, 0x00000000e7d00000, 0x00000000e7e00000|  0%| F|  |TAMS 0x00000000e7d00000, 0x00000000e7d00000| Untracked 
| 126|0x00000000e7e00000, 0x00000000e7e00000, 0x00000000e7f00000|  0%| F|  |TAMS 0x00000000e7e00000, 0x00000000e7e00000| Untracked 
| 127|0x00000000e7f00000, 0x00000000e7f00000, 0x00000000e8000000|  0%| F|  |TAMS 0x00000000e7f00000, 0x00000000e7f00000| Untracked 
| 128|0x00000000e8000000, 0x00000000e8000000, 0x00000000e8100000|  0%| F|  |TAMS 0x00000000e8000000, 0x00000000e8000000| Untracked 
| 129|0x00000000e8100000, 0x00000000e8100000, 0x00000000e8200000|  0%| F|  |TAMS 0x00000000e8100000, 0x00000000e8100000| Untracked 
| 130|0x00000000e8200000, 0x00000000e8200000, 0x00000000e8300000|  0%| F|  |TAMS 0x00000000e8200000, 0x00000000e8200000| Untracked 
| 131|0x00000000e8300000, 0x00000000e8300000, 0x00000000e8400000|  0%| F|  |TAMS 0x00000000e8300000, 0x00000000e8300000| Untracked 
| 132|0x00000000e8400000, 0x00000000e8400000, 0x00000000e8500000|  0%| F|  |TAMS 0x00000000e8400000, 0x00000000e8400000| Untracked 
| 133|0x00000000e8500000, 0x00000000e8500000, 0x00000000e8600000|  0%| F|  |TAMS 0x00000000e8500000, 0x00000000e8500000| Untracked 
| 134|0x00000000e8600000, 0x00000000e8600000, 0x00000000e8700000|  0%| F|  |TAMS 0x00000000e8600000, 0x00000000e8600000| Untracked 
| 135|0x00000000e8700000, 0x00000000e8700000, 0x00000000e8800000|  0%| F|  |TAMS 0x00000000e8700000, 0x00000000e8700000| Untracked 
| 136|0x00000000e8800000, 0x00000000e8800000, 0x00000000e8900000|  0%| F|  |TAMS 0x00000000e8800000, 0x00000000e8800000| Untracked 
| 137|0x00000000e8900000, 0x00000000e8900000, 0x00000000e8a00000|  0%| F|  |TAMS 0x00000000e8900000, 0x00000000e8900000| Untracked 
| 138|0x00000000e8a00000, 0x00000000e8a00000, 0x00000000e8b00000|  0%| F|  |TAMS 0x00000000e8a00000, 0x00000000e8a00000| Untracked 
| 139|0x00000000e8b00000, 0x00000000e8b00000, 0x00000000e8c00000|  0%| F|  |TAMS 0x00000000e8b00000, 0x00000000e8b00000| Untracked 
| 140|0x00000000e8c00000, 0x00000000e8c00000, 0x00000000e8d00000|  0%| F|  |TAMS 0x00000000e8c00000, 0x00000000e8c00000| Untracked 
| 141|0x00000000e8d00000, 0x00000000e8d00000, 0x00000000e8e00000|  0%| F|  |TAMS 0x00000000e8d00000, 0x00000000e8d00000| Untracked 
| 142|0x00000000e8e00000, 0x00000000e8e00000, 0x00000000e8f00000|  0%| F|  |TAMS 0x00000000e8e00000, 0x00000000e8e00000| Untracked 
| 143|0x00000000e8f00000, 0x00000000e8f00000, 0x00000000e9000000|  0%| F|  |TAMS 0x00000000e8f00000, 0x00000000e8f00000| Untracked 
| 144|0x00000000e9000000, 0x00000000e9000000, 0x00000000e9100000|  0%| F|  |TAMS 0x00000000e9000000, 0x00000000e9000000| Untracked 
| 145|0x00000000e9100000, 0x00000000e9100000, 0x00000000e9200000|  0%| F|  |TAMS 0x00000000e9100000, 0x00000000e9100000| Untracked 
| 146|0x00000000e9200000, 0x00000000e9200000, 0x00000000e9300000|  0%| F|  |TAMS 0x00000000e9200000, 0x00000000e9200000| Untracked 
| 147|0x00000000e9300000, 0x00000000e9300000, 0x00000000e9400000|  0%| F|  |TAMS 0x00000000e9300000, 0x00000000e9300000| Untracked 
| 148|0x00000000e9400000, 0x00000000e9400000, 0x00000000e9500000|  0%| F|  |TAMS 0x00000000e9400000, 0x00000000e9400000| Untracked 
| 149|0x00000000e9500000, 0x00000000e9500000, 0x00000000e9600000|  0%| F|  |TAMS 0x00000000e9500000, 0x00000000e9500000| Untracked 
| 150|0x00000000e9600000, 0x00000000e9600000, 0x00000000e9700000|  0%| F|  |TAMS 0x00000000e9600000, 0x00000000e9600000| Untracked 
| 151|0x00000000e9700000, 0x00000000e9700000, 0x00000000e9800000|  0%| F|  |TAMS 0x00000000e9700000, 0x00000000e9700000| Untracked 
| 152|0x00000000e9800000, 0x00000000e9800000, 0x00000000e9900000|  0%| F|  |TAMS 0x00000000e9800000, 0x00000000e9800000| Untracked 
| 153|0x00000000e9900000, 0x00000000e9900000, 0x00000000e9a00000|  0%| F|  |TAMS 0x00000000e9900000, 0x00000000e9900000| Untracked 
| 154|0x00000000e9a00000, 0x00000000e9a00000, 0x00000000e9b00000|  0%| F|  |TAMS 0x00000000e9a00000, 0x00000000e9a00000| Untracked 
| 155|0x00000000e9b00000, 0x00000000e9b00000, 0x00000000e9c00000|  0%| F|  |TAMS 0x00000000e9b00000, 0x00000000e9b00000| Untracked 
| 156|0x00000000e9c00000, 0x00000000e9c00000, 0x00000000e9d00000|  0%| F|  |TAMS 0x00000000e9c00000, 0x00000000e9c00000| Untracked 
| 157|0x00000000e9d00000, 0x00000000e9d00000, 0x00000000e9e00000|  0%| F|  |TAMS 0x00000000e9d00000, 0x00000000e9d00000| Untracked 
| 158|0x00000000e9e00000, 0x00000000e9e00000, 0x00000000e9f00000|  0%| F|  |TAMS 0x00000000e9e00000, 0x00000000e9e00000| Untracked 
| 159|0x00000000e9f00000, 0x00000000e9f00000, 0x00000000ea000000|  0%| F|  |TAMS 0x00000000e9f00000, 0x00000000e9f00000| Untracked 
| 160|0x00000000ea000000, 0x00000000ea000000, 0x00000000ea100000|  0%| F|  |TAMS 0x00000000ea000000, 0x00000000ea000000| Untracked 
| 161|0x00000000ea100000, 0x00000000ea100000, 0x00000000ea200000|  0%| F|  |TAMS 0x00000000ea100000, 0x00000000ea100000| Untracked 
| 162|0x00000000ea200000, 0x00000000ea200000, 0x00000000ea300000|  0%| F|  |TAMS 0x00000000ea200000, 0x00000000ea200000| Untracked 
| 163|0x00000000ea300000, 0x00000000ea300000, 0x00000000ea400000|  0%| F|  |TAMS 0x00000000ea300000, 0x00000000ea300000| Untracked 
| 164|0x00000000ea400000, 0x00000000ea400000, 0x00000000ea500000|  0%| F|  |TAMS 0x00000000ea400000, 0x00000000ea400000| Untracked 
| 165|0x00000000ea500000, 0x00000000ea500000, 0x00000000ea600000|  0%| F|  |TAMS 0x00000000ea500000, 0x00000000ea500000| Untracked 
| 166|0x00000000ea600000, 0x00000000ea600000, 0x00000000ea700000|  0%| F|  |TAMS 0x00000000ea600000, 0x00000000ea600000| Untracked 
| 167|0x00000000ea700000, 0x00000000ea700000, 0x00000000ea800000|  0%| F|  |TAMS 0x00000000ea700000, 0x00000000ea700000| Untracked 
| 168|0x00000000ea800000, 0x00000000ea800000, 0x00000000ea900000|  0%| F|  |TAMS 0x00000000ea800000, 0x00000000ea800000| Untracked 
| 169|0x00000000ea900000, 0x00000000ea980800, 0x00000000eaa00000| 50%| E|  |TAMS 0x00000000ea900000, 0x00000000ea900000| Complete 
| 170|0x00000000eaa00000, 0x00000000eab00000, 0x00000000eab00000|100%| E|CS|TAMS 0x00000000eaa00000, 0x00000000eaa00000| Complete 
| 171|0x00000000eab00000, 0x00000000eac00000, 0x00000000eac00000|100%| E|CS|TAMS 0x00000000eab00000, 0x00000000eab00000| Complete 
| 172|0x00000000eac00000, 0x00000000ead00000, 0x00000000ead00000|100%| E|CS|TAMS 0x00000000eac00000, 0x00000000eac00000| Complete 
| 173|0x00000000ead00000, 0x00000000eae00000, 0x00000000eae00000|100%| E|CS|TAMS 0x00000000ead00000, 0x00000000ead00000| Complete 
| 174|0x00000000eae00000, 0x00000000eaf00000, 0x00000000eaf00000|100%| E|CS|TAMS 0x00000000eae00000, 0x00000000eae00000| Complete 
| 175|0x00000000eaf00000, 0x00000000eb000000, 0x00000000eb000000|100%| E|CS|TAMS 0x00000000eaf00000, 0x00000000eaf00000| Complete 
| 176|0x00000000eb000000, 0x00000000eb100000, 0x00000000eb100000|100%| E|CS|TAMS 0x00000000eb000000, 0x00000000eb000000| Complete 
| 177|0x00000000eb100000, 0x00000000eb200000, 0x00000000eb200000|100%| E|CS|TAMS 0x00000000eb100000, 0x00000000eb100000| Complete 
| 178|0x00000000eb200000, 0x00000000eb300000, 0x00000000eb300000|100%| E|CS|TAMS 0x00000000eb200000, 0x00000000eb200000| Complete 
| 179|0x00000000eb300000, 0x00000000eb400000, 0x00000000eb400000|100%| E|CS|TAMS 0x00000000eb300000, 0x00000000eb300000| Complete 
| 180|0x00000000eb400000, 0x00000000eb500000, 0x00000000eb500000|100%| E|CS|TAMS 0x00000000eb400000, 0x00000000eb400000| Complete 
| 181|0x00000000eb500000, 0x00000000eb600000, 0x00000000eb600000|100%| E|CS|TAMS 0x00000000eb500000, 0x00000000eb500000| Complete 
| 182|0x00000000eb600000, 0x00000000eb700000, 0x00000000eb700000|100%| E|CS|TAMS 0x00000000eb600000, 0x00000000eb600000| Complete 
| 183|0x00000000eb700000, 0x00000000eb800000, 0x00000000eb800000|100%| E|CS|TAMS 0x00000000eb700000, 0x00000000eb700000| Complete 
| 184|0x00000000eb800000, 0x00000000eb900000, 0x00000000eb900000|100%| E|CS|TAMS 0x00000000eb800000, 0x00000000eb800000| Complete 
| 185|0x00000000eb900000, 0x00000000eba00000, 0x00000000eba00000|100%| S|CS|TAMS 0x00000000eb900000, 0x00000000eb900000| Complete 
| 186|0x00000000eba00000, 0x00000000ebb00000, 0x00000000ebb00000|100%| S|CS|TAMS 0x00000000eba00000, 0x00000000eba00000| Complete 
| 187|0x00000000ebb00000, 0x00000000ebc00000, 0x00000000ebc00000|100%| S|CS|TAMS 0x00000000ebb00000, 0x00000000ebb00000| Complete 
| 188|0x00000000ebc00000, 0x00000000ebd00000, 0x00000000ebd00000|100%| S|CS|TAMS 0x00000000ebc00000, 0x00000000ebc00000| Complete 
| 189|0x00000000ebd00000, 0x00000000ebe00000, 0x00000000ebe00000|100%| S|CS|TAMS 0x00000000ebd00000, 0x00000000ebd00000| Complete 
| 190|0x00000000ebe00000, 0x00000000ebf00000, 0x00000000ebf00000|100%| S|CS|TAMS 0x00000000ebe00000, 0x00000000ebe00000| Complete 
| 191|0x00000000ebf00000, 0x00000000ec000000, 0x00000000ec000000|100%| S|CS|TAMS 0x00000000ebf00000, 0x00000000ebf00000| Complete 
| 192|0x00000000ec000000, 0x00000000ec100000, 0x00000000ec100000|100%| S|CS|TAMS 0x00000000ec000000, 0x00000000ec000000| Complete 
| 193|0x00000000ec100000, 0x00000000ec200000, 0x00000000ec200000|100%| E|CS|TAMS 0x00000000ec100000, 0x00000000ec100000| Complete 
| 194|0x00000000ec200000, 0x00000000ec300000, 0x00000000ec300000|100%| E|CS|TAMS 0x00000000ec200000, 0x00000000ec200000| Complete 
| 195|0x00000000ec300000, 0x00000000ec400000, 0x00000000ec400000|100%| E|CS|TAMS 0x00000000ec300000, 0x00000000ec300000| Complete 
| 196|0x00000000ec400000, 0x00000000ec500000, 0x00000000ec500000|100%| E|CS|TAMS 0x00000000ec400000, 0x00000000ec400000| Complete 
| 197|0x00000000ec500000, 0x00000000ec600000, 0x00000000ec600000|100%| E|CS|TAMS 0x00000000ec500000, 0x00000000ec500000| Complete 
| 198|0x00000000ec600000, 0x00000000ec700000, 0x00000000ec700000|100%| E|CS|TAMS 0x00000000ec600000, 0x00000000ec600000| Complete 
| 199|0x00000000ec700000, 0x00000000ec800000, 0x00000000ec800000|100%| E|CS|TAMS 0x00000000ec700000, 0x00000000ec700000| Complete 
| 200|0x00000000ec800000, 0x00000000ec900000, 0x00000000ec900000|100%| E|CS|TAMS 0x00000000ec800000, 0x00000000ec800000| Complete 
| 201|0x00000000ec900000, 0x00000000eca00000, 0x00000000eca00000|100%| E|CS|TAMS 0x00000000ec900000, 0x00000000ec900000| Complete 
| 202|0x00000000eca00000, 0x00000000ecb00000, 0x00000000ecb00000|100%| E|CS|TAMS 0x00000000eca00000, 0x00000000eca00000| Complete 
| 203|0x00000000ecb00000, 0x00000000ecc00000, 0x00000000ecc00000|100%| E|CS|TAMS 0x00000000ecb00000, 0x00000000ecb00000| Complete 
| 204|0x00000000ecc00000, 0x00000000ecd00000, 0x00000000ecd00000|100%| E|CS|TAMS 0x00000000ecc00000, 0x00000000ecc00000| Complete 
| 205|0x00000000ecd00000, 0x00000000ece00000, 0x00000000ece00000|100%| E|CS|TAMS 0x00000000ecd00000, 0x00000000ecd00000| Complete 
| 206|0x00000000ece00000, 0x00000000ecf00000, 0x00000000ecf00000|100%| E|CS|TAMS 0x00000000ece00000, 0x00000000ece00000| Complete 
| 207|0x00000000ecf00000, 0x00000000ed000000, 0x00000000ed000000|100%| E|CS|TAMS 0x00000000ecf00000, 0x00000000ecf00000| Complete 
| 208|0x00000000ed000000, 0x00000000ed100000, 0x00000000ed100000|100%| E|CS|TAMS 0x00000000ed000000, 0x00000000ed000000| Complete 
| 209|0x00000000ed100000, 0x00000000ed200000, 0x00000000ed200000|100%| E|CS|TAMS 0x00000000ed100000, 0x00000000ed100000| Complete 
| 210|0x00000000ed200000, 0x00000000ed300000, 0x00000000ed300000|100%| E|CS|TAMS 0x00000000ed200000, 0x00000000ed200000| Complete 
| 211|0x00000000ed300000, 0x00000000ed400000, 0x00000000ed400000|100%| E|CS|TAMS 0x00000000ed300000, 0x00000000ed300000| Complete 
| 212|0x00000000ed400000, 0x00000000ed500000, 0x00000000ed500000|100%| E|CS|TAMS 0x00000000ed400000, 0x00000000ed400000| Complete 
| 213|0x00000000ed500000, 0x00000000ed600000, 0x00000000ed600000|100%| E|CS|TAMS 0x00000000ed500000, 0x00000000ed500000| Complete 
| 214|0x00000000ed600000, 0x00000000ed700000, 0x00000000ed700000|100%| E|CS|TAMS 0x00000000ed600000, 0x00000000ed600000| Complete 
| 215|0x00000000ed700000, 0x00000000ed800000, 0x00000000ed800000|100%| E|CS|TAMS 0x00000000ed700000, 0x00000000ed700000| Complete 
| 216|0x00000000ed800000, 0x00000000ed900000, 0x00000000ed900000|100%| E|CS|TAMS 0x00000000ed800000, 0x00000000ed800000| Complete 
| 217|0x00000000ed900000, 0x00000000eda00000, 0x00000000eda00000|100%| E|CS|TAMS 0x00000000ed900000, 0x00000000ed900000| Complete 
| 218|0x00000000eda00000, 0x00000000edb00000, 0x00000000edb00000|100%| E|CS|TAMS 0x00000000eda00000, 0x00000000eda00000| Complete 
| 219|0x00000000edb00000, 0x00000000edc00000, 0x00000000edc00000|100%| E|CS|TAMS 0x00000000edb00000, 0x00000000edb00000| Complete 
| 220|0x00000000edc00000, 0x00000000edd00000, 0x00000000edd00000|100%| E|CS|TAMS 0x00000000edc00000, 0x00000000edc00000| Complete 
| 221|0x00000000edd00000, 0x00000000ede00000, 0x00000000ede00000|100%| E|CS|TAMS 0x00000000edd00000, 0x00000000edd00000| Complete 
| 222|0x00000000ede00000, 0x00000000edf00000, 0x00000000edf00000|100%| E|CS|TAMS 0x00000000ede00000, 0x00000000ede00000| Complete 
| 223|0x00000000edf00000, 0x00000000ee000000, 0x00000000ee000000|100%| E|CS|TAMS 0x00000000edf00000, 0x00000000edf00000| Complete 
| 224|0x00000000ee000000, 0x00000000ee100000, 0x00000000ee100000|100%| E|CS|TAMS 0x00000000ee000000, 0x00000000ee000000| Complete 
| 225|0x00000000ee100000, 0x00000000ee200000, 0x00000000ee200000|100%| E|CS|TAMS 0x00000000ee100000, 0x00000000ee100000| Complete 
| 226|0x00000000ee200000, 0x00000000ee300000, 0x00000000ee300000|100%| E|CS|TAMS 0x00000000ee200000, 0x00000000ee200000| Complete 
| 227|0x00000000ee300000, 0x00000000ee400000, 0x00000000ee400000|100%| E|CS|TAMS 0x00000000ee300000, 0x00000000ee300000| Complete 
| 228|0x00000000ee400000, 0x00000000ee500000, 0x00000000ee500000|100%| E|CS|TAMS 0x00000000ee400000, 0x00000000ee400000| Complete 
| 229|0x00000000ee500000, 0x00000000ee600000, 0x00000000ee600000|100%| E|CS|TAMS 0x00000000ee500000, 0x00000000ee500000| Complete 
| 230|0x00000000ee600000, 0x00000000ee700000, 0x00000000ee700000|100%| E|CS|TAMS 0x00000000ee600000, 0x00000000ee600000| Complete 
| 231|0x00000000ee700000, 0x00000000ee800000, 0x00000000ee800000|100%| E|CS|TAMS 0x00000000ee700000, 0x00000000ee700000| Complete 
| 232|0x00000000ee800000, 0x00000000ee900000, 0x00000000ee900000|100%| E|CS|TAMS 0x00000000ee800000, 0x00000000ee800000| Complete 
| 233|0x00000000ee900000, 0x00000000eea00000, 0x00000000eea00000|100%| E|CS|TAMS 0x00000000ee900000, 0x00000000ee900000| Complete 
| 234|0x00000000eea00000, 0x00000000eeb00000, 0x00000000eeb00000|100%| E|CS|TAMS 0x00000000eea00000, 0x00000000eea00000| Complete 
| 235|0x00000000eeb00000, 0x00000000eec00000, 0x00000000eec00000|100%| E|CS|TAMS 0x00000000eeb00000, 0x00000000eeb00000| Complete 
| 236|0x00000000eec00000, 0x00000000eed00000, 0x00000000eed00000|100%| E|CS|TAMS 0x00000000eec00000, 0x00000000eec00000| Complete 
| 237|0x00000000eed00000, 0x00000000eee00000, 0x00000000eee00000|100%| E|CS|TAMS 0x00000000eed00000, 0x00000000eed00000| Complete 
| 238|0x00000000eee00000, 0x00000000eef00000, 0x00000000eef00000|100%| E|CS|TAMS 0x00000000eee00000, 0x00000000eee00000| Complete 
| 239|0x00000000eef00000, 0x00000000ef000000, 0x00000000ef000000|100%| E|CS|TAMS 0x00000000eef00000, 0x00000000eef00000| Complete 
| 240|0x00000000ef000000, 0x00000000ef100000, 0x00000000ef100000|100%| E|CS|TAMS 0x00000000ef000000, 0x00000000ef000000| Complete 
| 241|0x00000000ef100000, 0x00000000ef200000, 0x00000000ef200000|100%| E|CS|TAMS 0x00000000ef100000, 0x00000000ef100000| Complete 
| 242|0x00000000ef200000, 0x00000000ef300000, 0x00000000ef300000|100%| E|CS|TAMS 0x00000000ef200000, 0x00000000ef200000| Complete 
| 243|0x00000000ef300000, 0x00000000ef400000, 0x00000000ef400000|100%| E|CS|TAMS 0x00000000ef300000, 0x00000000ef300000| Complete 
| 244|0x00000000ef400000, 0x00000000ef500000, 0x00000000ef500000|100%| E|CS|TAMS 0x00000000ef400000, 0x00000000ef400000| Complete 
| 245|0x00000000ef500000, 0x00000000ef600000, 0x00000000ef600000|100%| E|CS|TAMS 0x00000000ef500000, 0x00000000ef500000| Complete 
| 246|0x00000000ef600000, 0x00000000ef700000, 0x00000000ef700000|100%| E|CS|TAMS 0x00000000ef600000, 0x00000000ef600000| Complete 
| 247|0x00000000ef700000, 0x00000000ef800000, 0x00000000ef800000|100%| E|CS|TAMS 0x00000000ef700000, 0x00000000ef700000| Complete 
| 248|0x00000000ef800000, 0x00000000ef900000, 0x00000000ef900000|100%| E|CS|TAMS 0x00000000ef800000, 0x00000000ef800000| Complete 
| 249|0x00000000ef900000, 0x00000000efa00000, 0x00000000efa00000|100%| E|CS|TAMS 0x00000000ef900000, 0x00000000ef900000| Complete 
| 250|0x00000000efa00000, 0x00000000efb00000, 0x00000000efb00000|100%| E|CS|TAMS 0x00000000efa00000, 0x00000000efa00000| Complete 
| 251|0x00000000efb00000, 0x00000000efc00000, 0x00000000efc00000|100%| E|CS|TAMS 0x00000000efb00000, 0x00000000efb00000| Complete 
| 252|0x00000000efc00000, 0x00000000efd00000, 0x00000000efd00000|100%| E|CS|TAMS 0x00000000efc00000, 0x00000000efc00000| Complete 
| 253|0x00000000efd00000, 0x00000000efe00000, 0x00000000efe00000|100%| E|CS|TAMS 0x00000000efd00000, 0x00000000efd00000| Complete 
| 254|0x00000000efe00000, 0x00000000eff00000, 0x00000000eff00000|100%| E|CS|TAMS 0x00000000efe00000, 0x00000000efe00000| Complete 
| 255|0x00000000eff00000, 0x00000000f0000000, 0x00000000f0000000|100%| E|CS|TAMS 0x00000000eff00000, 0x00000000eff00000| Complete 

Card table byte_map: [0x00000209ef360000,0x00000209ef460000] _byte_map_base: 0x00000209eec60000

Marking Bits (Prev, Next): (CMBitMap*) 0x00000209d6202a70, (CMBitMap*) 0x00000209d6202ab0
 Prev Bits: [0x00000209ef560000, 0x00000209efd60000)
 Next Bits: [0x00000209efd60000, 0x00000209f0560000)

Polling page: 0x00000209d62a0000

Metaspace:

Usage:
  Non-class:     15.69 MB used.
      Class:      2.64 MB used.
       Both:     18.32 MB used.

Virtual space:
  Non-class space:       64.00 MB reserved,      15.81 MB ( 25%) committed,  1 nodes.
      Class space:      320.00 MB reserved,       2.75 MB ( <1%) committed,  1 nodes.
             Both:      384.00 MB reserved,      18.56 MB (  5%) committed. 

Chunk freelists:
   Non-Class:  15.81 MB
       Class:  13.22 MB
        Both:  29.03 MB

MaxMetaspaceSize: 384.00 MB
CompressedClassSpaceSize: 320.00 MB
Initial GC threshold: 21.00 MB
Current GC threshold: 21.00 MB
CDS: on
MetaspaceReclaimPolicy: balanced
 - commit_granule_bytes: 65536.
 - commit_granule_words: 8192.
 - virtual_space_node_default_size: 8388608.
 - enlarge_chunks_in_place: 1.
 - new_chunks_are_fully_committed: 0.
 - uncommit_free_chunks: 1.
 - use_allocation_guard: 0.
 - handle_deallocations: 1.


Internal statistics:

num_allocs_failed_limit: 0.
num_arena_births: 208.
num_arena_deaths: 0.
num_vsnodes_births: 2.
num_vsnodes_deaths: 0.
num_space_committed: 297.
num_space_uncommitted: 0.
num_chunks_returned_to_freelist: 0.
num_chunks_taken_from_freelist: 854.
num_chunk_merges: 0.
num_chunk_splits: 562.
num_chunks_enlarged: 418.
num_inconsistent_stats: 0.

CodeHeap 'non-profiled nmethods': size=119168Kb used=1338Kb max_used=1338Kb free=117829Kb
 bounds [0x00000209e6e40000, 0x00000209e70b0000, 0x00000209ee2a0000]
CodeHeap 'profiled nmethods': size=119104Kb used=5774Kb max_used=5774Kb free=113329Kb
 bounds [0x00000209df2a0000, 0x00000209df850000, 0x00000209e66f0000]
CodeHeap 'non-nmethods': size=7488Kb used=2363Kb max_used=2899Kb free=5124Kb
 bounds [0x00000209e66f0000, 0x00000209e69d0000, 0x00000209e6e40000]
 total_blobs=3297 nmethods=2750 adapters=457
 compilation: enabled
              stopped_count=0, restarted_count=0
 full_count=0

Compilation events (20 events):
Event: 7.491 Thread 0x00000209f355d960 nmethod 2725 0x00000209df82c990 code [0x00000209df82cb20, 0x00000209df82cc78]
Event: 7.491 Thread 0x00000209f355d960 2722       3       java.util.Collection::stream (11 bytes)
Event: 7.491 Thread 0x00000209f355d960 nmethod 2722 0x00000209df82cd10 code [0x00000209df82cec0, 0x00000209df82d0b8]
Event: 7.491 Thread 0x00000209f355d960 2720       3       java.util.stream.StreamOpFlag::combineOpFlags (9 bytes)
Event: 7.491 Thread 0x00000209f355d960 nmethod 2720 0x00000209df82d190 code [0x00000209df82d320, 0x00000209df82d4d8]
Event: 7.492 Thread 0x00000209f355d960 2721       3       java.util.stream.StreamOpFlag::getMask (30 bytes)
Event: 7.492 Thread 0x00000209f355d960 nmethod 2721 0x00000209df832c90 code [0x00000209df832e20, 0x00000209df832f98]
Event: 7.492 Thread 0x00000209f9c58350 nmethod 2717 0x00000209df82d590 code [0x00000209df82dc80, 0x00000209df831ba8]
Event: 7.492 Thread 0x00000209f9c58350 2726       3       java.lang.Class::getDeclaredConstructors (27 bytes)
Event: 7.492 Thread 0x00000209f9c58350 nmethod 2726 0x00000209df833010 code [0x00000209df833200, 0x00000209df833518]
Event: 7.501 Thread 0x00000209f355d960 2727       3       org.gradle.internal.service.DefaultServiceRegistry::access$2000 (4 bytes)
Event: 7.501 Thread 0x00000209f355d960 nmethod 2727 0x00000209df833690 code [0x00000209df833820, 0x00000209df833918]
Event: 8.415 Thread 0x00000209f355d960 2728       3       java.util.concurrent.locks.AbstractQueuedSynchronizer$Node::getAndUnsetStatus (14 bytes)
Event: 8.416 Thread 0x00000209f355d960 nmethod 2728 0x00000209df833990 code [0x00000209df833b40, 0x00000209df833e48]
Event: 8.448 Thread 0x00000209f355d960 2729       1       javax.management.ObjectName$Property::setKeyIndex (6 bytes)
Event: 8.448 Thread 0x00000209f355d960 nmethod 2729 0x00000209e6f8d510 code [0x00000209e6f8d6a0, 0x00000209e6f8d778]
Event: 8.448 Thread 0x00000209f355d960 2730       1       java.util.Spliterators$EmptySpliterator::characteristics (4 bytes)
Event: 8.448 Thread 0x00000209f355d960 nmethod 2730 0x00000209e6f8d810 code [0x00000209e6f8d9a0, 0x00000209e6f8da78]
Event: 8.448 Thread 0x00000209f355d960 2731       1       sun.management.MemoryPoolImpl::getName (5 bytes)
Event: 8.448 Thread 0x00000209f355d960 nmethod 2731 0x00000209e6f8db10 code [0x00000209e6f8dca0, 0x00000209e6f8dd78]

GC Heap History (6 events):
Event: 0.243 GC heap before
{Heap before GC invocations=0 (full 0):
 garbage-first heap   total 262144K, used 22528K [0x00000000e0000000, 0x0000000100000000)
  region size 1024K, 23 young (23552K), 0 survivors (0K)
 Metaspace       used 916K, committed 1088K, reserved 393216K
  class space    used 68K, committed 128K, reserved 327680K
}
Event: 0.245 GC heap after
{Heap after GC invocations=1 (full 0):
 garbage-first heap   total 262144K, used 1855K [0x00000000e0000000, 0x0000000100000000)
  region size 1024K, 2 young (2048K), 2 survivors (2048K)
 Metaspace       used 916K, committed 1088K, reserved 393216K
  class space    used 68K, committed 128K, reserved 327680K
}
Event: 0.708 GC heap before
{Heap before GC invocations=1 (full 0):
 garbage-first heap   total 262144K, used 38719K [0x00000000e0000000, 0x0000000100000000)
  region size 1024K, 36 young (36864K), 2 survivors (2048K)
 Metaspace       used 4453K, committed 4608K, reserved 393216K
  class space    used 552K, committed 640K, reserved 327680K
}
Event: 0.711 GC heap after
{Heap after GC invocations=2 (full 0):
 garbage-first heap   total 262144K, used 11252K [0x00000000e0000000, 0x0000000100000000)
  region size 1024K, 5 young (5120K), 5 survivors (5120K)
 Metaspace       used 4453K, committed 4608K, reserved 393216K
  class space    used 552K, committed 640K, reserved 327680K
}
Event: 1.424 GC heap before
{Heap before GC invocations=2 (full 0):
 garbage-first heap   total 262144K, used 72692K [0x00000000e0000000, 0x0000000100000000)
  region size 1024K, 63 young (64512K), 5 survivors (5120K)
 Metaspace       used 6292K, committed 6528K, reserved 393216K
  class space    used 826K, committed 960K, reserved 327680K
}
Event: 1.427 GC heap after
{Heap after GC invocations=3 (full 0):
 garbage-first heap   total 262144K, used 17821K [0x00000000e0000000, 0x0000000100000000)
  region size 1024K, 8 young (8192K), 8 survivors (8192K)
 Metaspace       used 6292K, committed 6528K, reserved 393216K
  class space    used 826K, committed 960K, reserved 327680K
}

Deoptimization events (20 events):
Event: 4.218 Thread 0x00000209f95d3930 DEOPT PACKING pc=0x00000209e6e73678 sp=0x0000002d097fbbd0
Event: 4.218 Thread 0x00000209f95d3930 DEOPT UNPACKING pc=0x00000209e67423a3 sp=0x0000002d097fbb10 mode 2
Event: 4.261 Thread 0x00000209f95d3930 Uncommon trap: trap_request=0xffffff45 fr.pc=0x00000209e6ea3c78 relative=0x00000000000001d8
Event: 4.261 Thread 0x00000209f95d3930 Uncommon trap: reason=unstable_if action=reinterpret pc=0x00000209e6ea3c78 method=java.lang.String.lastIndexOf(II)I @ 4 c2
Event: 4.261 Thread 0x00000209f95d3930 DEOPT PACKING pc=0x00000209e6ea3c78 sp=0x0000002d097fd340
Event: 4.261 Thread 0x00000209f95d3930 DEOPT UNPACKING pc=0x00000209e67423a3 sp=0x0000002d097fd270 mode 2
Event: 4.262 Thread 0x00000209f95d3930 Uncommon trap: trap_request=0xffffff45 fr.pc=0x00000209e6e65cec relative=0x000000000000034c
Event: 4.262 Thread 0x00000209f95d3930 Uncommon trap: reason=unstable_if action=reinterpret pc=0x00000209e6e65cec method=java.lang.StringUTF16.compress([CII)[B @ 13 c2
Event: 4.262 Thread 0x00000209f95d3930 DEOPT PACKING pc=0x00000209e6e65cec sp=0x0000002d097fd0c0
Event: 4.262 Thread 0x00000209f95d3930 DEOPT UNPACKING pc=0x00000209e67423a3 sp=0x0000002d097fcf88 mode 2
Event: 4.262 Thread 0x00000209f95d3930 Uncommon trap: trap_request=0xffffff45 fr.pc=0x00000209e6ea345c relative=0x00000000000001bc
Event: 4.262 Thread 0x00000209f95d3930 Uncommon trap: reason=unstable_if action=reinterpret pc=0x00000209e6ea345c method=java.lang.String.lastIndexOf(II)I @ 4 c2
Event: 4.262 Thread 0x00000209f95d3930 DEOPT PACKING pc=0x00000209e6ea345c sp=0x0000002d097fd1c0
Event: 4.262 Thread 0x00000209f95d3930 DEOPT UNPACKING pc=0x00000209e67423a3 sp=0x0000002d097fd160 mode 2
Event: 4.307 Thread 0x00000209f95d3930 DEOPT PACKING pc=0x00000209df6f456a sp=0x0000002d097fb8b0
Event: 4.307 Thread 0x00000209f95d3930 DEOPT UNPACKING pc=0x00000209e6742b43 sp=0x0000002d097fadc0 mode 0
Event: 4.326 Thread 0x00000209f95d3930 DEOPT PACKING pc=0x00000209df6f456a sp=0x0000002d097fba00
Event: 4.326 Thread 0x00000209f95d3930 DEOPT UNPACKING pc=0x00000209e6742b43 sp=0x0000002d097faf10 mode 0
Event: 4.337 Thread 0x00000209f95d3930 DEOPT PACKING pc=0x00000209df6f456a sp=0x0000002d097f8210
Event: 4.337 Thread 0x00000209f95d3930 DEOPT UNPACKING pc=0x00000209e6742b43 sp=0x0000002d097f7720 mode 0

Classes unloaded (0 events):
No events

Classes redefined (0 events):
No events

Internal exceptions (20 events):
Event: 1.705 Thread 0x00000209d61d48c0 Exception <a 'java/lang/NoSuchMethodError'{0x00000000ef463150}: 'java.lang.Object java.lang.invoke.DirectMethodHandle$Holder.newInvokeSpecial(java.lang.Object, java.lang.Object, java.lang.Object, java.lang.Object, java.lang.Object)'> (0x00000000ef463150) 
thrown [s\open\src\hotspot\share\interpreter\linkResolver.cpp, line 759]
Event: 1.790 Thread 0x00000209f9590e20 Exception <a 'java/lang/NoSuchMethodError'{0x00000000ef17ad70}: 'void java.lang.invoke.DirectMethodHandle$Holder.invokeSpecial(java.lang.Object, java.lang.Object, java.lang.Object)'> (0x00000000ef17ad70) 
thrown [s\open\src\hotspot\share\interpreter\linkResolver.cpp, line 759]
Event: 2.904 Thread 0x00000209f95d3930 Exception <a 'java/lang/NoSuchMethodError'{0x00000000eeaa1948}: 'long java.lang.invoke.DirectMethodHandle$Holder.invokeInterface(java.lang.Object, java.lang.Object)'> (0x00000000eeaa1948) 
thrown [s\open\src\hotspot\share\interpreter\linkResolver.cpp, line 759]
Event: 2.949 Thread 0x00000209f95d3930 Exception <a 'java/lang/NoSuchMethodError'{0x00000000ee50ca80}: 'void java.lang.invoke.DirectMethodHandle$Holder.invokeStatic(java.lang.Object, java.lang.Object)'> (0x00000000ee50ca80) 
thrown [s\open\src\hotspot\share\interpreter\linkResolver.cpp, line 759]
Event: 2.972 Thread 0x00000209f95d3930 Exception <a 'java/lang/NoSuchMethodError'{0x00000000ee34c740}: 'int java.lang.invoke.DirectMethodHandle$Holder.invokeVirtual(java.lang.Object, java.lang.Object, java.lang.Object)'> (0x00000000ee34c740) 
thrown [s\open\src\hotspot\share\interpreter\linkResolver.cpp, line 759]
Event: 2.994 Thread 0x00000209f95d3930 Exception <a 'java/lang/NoSuchMethodError'{0x00000000ee1f9f50}: 'java.lang.Object java.lang.invoke.DirectMethodHandle$Holder.newInvokeSpecial(java.lang.Object, java.lang.Object, java.lang.Object, java.lang.Object, java.lang.Object, java.lang.Object)'> (0x00000000ee1f9f50) 
thrown [s\open\src\hotspot\share\interpreter\linkResolver.cpp, line 759]
Event: 3.027 Thread 0x00000209f95d3930 Exception <a 'java/lang/NoSuchMethodError'{0x00000000edd07a08}: 'void java.lang.invoke.DelegatingMethodHandle$Holder.reinvoke_L(java.lang.Object, java.lang.Object, java.lang.Object, java.lang.Object, java.lang.Object, java.lang.Object, java.lang.Object, java.lang.Object, java.lang.Object, java.lang.Object)'> (0x00000000edd07a08) 
thrown [s\open\src\hotspot\share\interpreter\linkResolver.cpp, line 759]
Event: 3.028 Thread 0x00000209f95d3930 Exception <a 'java/lang/NoSuchMethodError'{0x00000000edd0ffb8}: 'java.lang.Object java.lang.invoke.DirectMethodHandle$Holder.invokeSpecial(java.lang.Object, java.lang.Object, java.lang.Object, java.lang.Object, java.lang.Object, java.lang.Object, java.lang.Object, java.lang.Object, java.lang.Object, java.lang.Object)'> (0x00000000edd0ffb8) 
thrown [s\open\src\hotspot\share\interpreter\linkResolver.cpp, line 759]
Event: 3.028 Thread 0x00000209f95d3930 Exception <a 'java/lang/NoSuchMethodError'{0x00000000edd14888}: 'java.lang.Object java.lang.invoke.Invokers$Holder.invoker(java.lang.Object, java.lang.Object, java.lang.Object, java.lang.Object, java.lang.Object, java.lang.Object, java.lang.Object, java.lang.Object, java.lang.Object, java.lang.Object)'> (0x00000000edd14888) 
thrown [s\open\src\hotspot\share\interpreter\linkResolver.cpp, line 759]
Event: 3.028 Thread 0x00000209f95d3930 Exception <a 'java/lang/NoSuchMethodError'{0x00000000edd1a490}: 'java.lang.Object java.lang.invoke.DirectMethodHandle$Holder.invokeSpecial(java.lang.Object, java.lang.Object, java.lang.Object, java.lang.Object, java.lang.Object, java.lang.Object, java.lang.Object, java.lang.Object, java.lang.Object, java.lang.Object, java.lang.Object)'> (0x00000000edd1a490) 
thrown [s\open\src\hotspot\share\interpreter\linkResolver.cpp, line 759]
Event: 3.121 Thread 0x00000209f95d3930 Exception <a 'java/lang/NoSuchMethodError'{0x00000000ed5d4480}: 'java.lang.Object java.lang.invoke.DirectMethodHandle$Holder.newInvokeSpecial(java.lang.Object, java.lang.Object, int)'> (0x00000000ed5d4480) 
thrown [s\open\src\hotspot\share\interpreter\linkResolver.cpp, line 759]
Event: 4.192 Thread 0x00000209f95d3930 Exception <a 'java/lang/NoSuchMethodError'{0x00000000ed0968f8}: 'void java.lang.invoke.DirectMethodHandle$Holder.invokeStatic(java.lang.Object, java.lang.Object, java.lang.Object, java.lang.Object)'> (0x00000000ed0968f8) 
thrown [s\open\src\hotspot\share\interpreter\linkResolver.cpp, line 759]
Event: 4.192 Thread 0x00000209f95d3930 Exception <a 'java/lang/NoSuchMethodError'{0x00000000ed09ad98}: 'void java.lang.invoke.DirectMethodHandle$Holder.invokeStaticInit(java.lang.Object, java.lang.Object, java.lang.Object, java.lang.Object)'> (0x00000000ed09ad98) 
thrown [s\open\src\hotspot\share\interpreter\linkResolver.cpp, line 759]
Event: 4.197 Thread 0x00000209f95d3930 Exception <a 'java/lang/NoSuchMethodError'{0x00000000ed0fa018}: 'java.lang.Object java.lang.invoke.DirectMethodHandle$Holder.invokeInterface(java.lang.Object, java.lang.Object, java.lang.Object)'> (0x00000000ed0fa018) 
thrown [s\open\src\hotspot\share\interpreter\linkResolver.cpp, line 759]
Event: 4.206 Thread 0x00000209f95d3930 Exception <a 'java/lang/NoSuchMethodError'{0x00000000ecfe32b0}: 'int java.lang.invoke.DirectMethodHandle$Holder.invokeSpecialIFC(java.lang.Object, java.lang.Object, java.lang.Object, java.lang.Object)'> (0x00000000ecfe32b0) 
thrown [s\open\src\hotspot\share\interpreter\linkResolver.cpp, line 759]
Event: 4.206 Thread 0x00000209f95d3930 Exception <a 'java/lang/IncompatibleClassChangeError'{0x00000000ecff20c8}: Found class java.lang.Object, but interface was expected> (0x00000000ecff20c8) 
thrown [s\open\src\hotspot\share\interpreter\linkResolver.cpp, line 826]
Event: 4.218 Thread 0x00000209f95d3930 Implicit null exception at 0x00000209e6e735d8 to 0x00000209e6e7366e
Event: 4.226 Thread 0x00000209f95d3930 Exception <a 'java/lang/NoSuchMethodError'{0x00000000ecdfd9b8}: 'int java.lang.invoke.DirectMethodHandle$Holder.invokeStatic(java.lang.Object, java.lang.Object, java.lang.Object, java.lang.Object)'> (0x00000000ecdfd9b8) 
thrown [s\open\src\hotspot\share\interpreter\linkResolver.cpp, line 759]
Event: 4.227 Thread 0x00000209f95d3930 Exception <a 'java/lang/NoSuchMethodError'{0x00000000ecc02040}: 'java.lang.Object java.lang.invoke.Invokers$Holder.invokeExact_MT(java.lang.Object, java.lang.Object, java.lang.Object, java.lang.Object, java.lang.Object, java.lang.Object)'> (0x00000000ecc02040) 
thrown [s\open\src\hotspot\share\interpreter\linkResolver.cpp, line 759]
Event: 4.380 Thread 0x00000209f95d3930 Exception <a 'java/lang/NoSuchMethodError'{0x00000000eb5a20b0}: 'int java.lang.invoke.DirectMethodHandle$Holder.invokeStaticInit(java.lang.Object, java.lang.Object, java.lang.Object)'> (0x00000000eb5a20b0) 
thrown [s\open\src\hotspot\share\interpreter\linkResolver.cpp, line 759]

VM Operations (20 events):
Event: 1.618 Executing VM operation: HandshakeAllThreads
Event: 1.618 Executing VM operation: HandshakeAllThreads done
Event: 1.656 Executing VM operation: HandshakeAllThreads
Event: 1.656 Executing VM operation: HandshakeAllThreads done
Event: 1.732 Executing VM operation: HandshakeAllThreads
Event: 1.732 Executing VM operation: HandshakeAllThreads done
Event: 2.739 Executing VM operation: Cleanup
Event: 2.866 Executing VM operation: Cleanup done
Event: 3.873 Executing VM operation: Cleanup
Event: 4.177 Executing VM operation: Cleanup done
Event: 4.253 Executing VM operation: HandshakeAllThreads
Event: 4.253 Executing VM operation: HandshakeAllThreads done
Event: 4.253 Executing VM operation: HandshakeAllThreads
Event: 4.253 Executing VM operation: HandshakeAllThreads done
Event: 5.258 Executing VM operation: Cleanup
Event: 5.467 Executing VM operation: Cleanup done
Event: 6.479 Executing VM operation: Cleanup
Event: 6.480 Executing VM operation: Cleanup done
Event: 8.495 Executing VM operation: Cleanup
Event: 8.511 Executing VM operation: Cleanup done

Events (20 events):
Event: 4.207 loading class java/util/stream/ReduceOps$1ReducingSink
Event: 4.207 loading class java/util/stream/ReduceOps$1ReducingSink done
Event: 4.292 loading class java/util/function/LongFunction
Event: 4.292 loading class java/util/function/LongFunction done
Event: 4.320 loading class java/security/InvalidKeyException
Event: 4.320 loading class java/security/KeyException
Event: 4.320 loading class java/security/KeyException done
Event: 4.320 loading class java/security/InvalidKeyException done
Event: 4.365 loading class java/io/ObjectInputStream
Event: 4.365 loading class java/io/ObjectInput
Event: 4.366 loading class java/io/ObjectInput done
Event: 4.366 loading class java/io/ObjectStreamConstants
Event: 4.366 loading class java/io/ObjectStreamConstants done
Event: 4.366 loading class java/io/ObjectInputStream done
Event: 4.366 loading class java/io/ObjectOutputStream
Event: 4.367 loading class java/io/ObjectOutput
Event: 4.367 loading class java/io/ObjectOutput done
Event: 4.367 loading class java/io/ObjectOutputStream done
Event: 4.651 Thread 0x00000209f9c578b0 Thread added: 0x00000209f9c578b0
Event: 8.511 Thread 0x00000209f9c58350 Thread exited: 0x00000209f9c58350


Dynamic libraries:
0x00007ff761450000 - 0x00007ff761460000 	C:\Program Files\Java\jdk-17\bin\java.exe
0x00007fff91360000 - 0x00007fff915c8000 	C:\WINDOWS\SYSTEM32\ntdll.dll
0x00007fff90af0000 - 0x00007fff90bb9000 	C:\WINDOWS\System32\KERNEL32.DLL
0x00007fff8e9a0000 - 0x00007fff8ed92000 	C:\WINDOWS\System32\KERNELBASE.dll
0x00007fff8ee60000 - 0x00007fff8efab000 	C:\WINDOWS\System32\ucrtbase.dll
0x00007fff7c7b0000 - 0x00007fff7c7c9000 	C:\Program Files\Java\jdk-17\bin\jli.dll
0x00007fff90bc0000 - 0x00007fff90c74000 	C:\WINDOWS\System32\ADVAPI32.dll
0x00007fff7c7d0000 - 0x00007fff7c7eb000 	C:\Program Files\Java\jdk-17\bin\VCRUNTIME140.dll
0x00007fff90f40000 - 0x00007fff90fe9000 	C:\WINDOWS\System32\msvcrt.dll
0x00007fff91150000 - 0x00007fff911f6000 	C:\WINDOWS\System32\sechost.dll
0x00007fff91200000 - 0x00007fff91318000 	C:\WINDOWS\System32\RPCRT4.dll
0x00007fff8f9e0000 - 0x00007fff8fba5000 	C:\WINDOWS\System32\USER32.dll
0x00007fff8e660000 - 0x00007fff8e687000 	C:\WINDOWS\System32\win32u.dll
0x00007fff8f760000 - 0x00007fff8f78b000 	C:\WINDOWS\System32\GDI32.dll
0x00007fff8e870000 - 0x00007fff8e99d000 	C:\WINDOWS\System32\gdi32full.dll
0x00007fff8e690000 - 0x00007fff8e733000 	C:\WINDOWS\System32\msvcp_win.dll
0x00007fff76580000 - 0x00007fff76813000 	C:\WINDOWS\WinSxS\amd64_microsoft.windows.common-controls_6595b64144ccf1df_6.0.26100.6899_none_3e0efeeae32e88c1\COMCTL32.dll
0x00007fff79620000 - 0x00007fff7962b000 	C:\WINDOWS\SYSTEM32\VERSION.dll
0x00007fff8fbb0000 - 0x00007fff8fbdf000 	C:\WINDOWS\System32\IMM32.DLL
0x00007fff7eb10000 - 0x00007fff7eb1c000 	C:\Program Files\Java\jdk-17\bin\vcruntime140_1.dll
0x00007fff4c650000 - 0x00007fff4c6de000 	C:\Program Files\Java\jdk-17\bin\msvcp140.dll
0x00007ffec8da0000 - 0x00007ffec9980000 	C:\Program Files\Java\jdk-17\bin\server\jvm.dll
0x00007fff90c80000 - 0x00007fff90c88000 	C:\WINDOWS\System32\PSAPI.DLL
0x00007fff8af80000 - 0x00007fff8af8a000 	C:\WINDOWS\SYSTEM32\WSOCK32.dll
0x00007fff851c0000 - 0x00007fff851f5000 	C:\WINDOWS\SYSTEM32\WINMM.dll
0x00007fff91040000 - 0x00007fff910b4000 	C:\WINDOWS\System32\WS2_32.dll
0x00007fff8d2c0000 - 0x00007fff8d2db000 	C:\WINDOWS\SYSTEM32\kernel.appcore.dll
0x00007fff7c7a0000 - 0x00007fff7c7aa000 	C:\Program Files\Java\jdk-17\bin\jimage.dll
0x00007fff8bd80000 - 0x00007fff8bfc2000 	C:\WINDOWS\SYSTEM32\DBGHELP.DLL
0x00007fff90390000 - 0x00007fff9070b000 	C:\WINDOWS\System32\combase.dll
0x00007fff907a0000 - 0x00007fff90877000 	C:\WINDOWS\System32\OLEAUT32.dll
0x00007fff793c0000 - 0x00007fff793fc000 	C:\WINDOWS\SYSTEM32\dbgcore.DLL
0x00007fff8e7d0000 - 0x00007fff8e868000 	C:\WINDOWS\System32\bcryptPrimitives.dll
0x00007fff63e90000 - 0x00007fff63e9e000 	C:\Program Files\Java\jdk-17\bin\instrument.dll
0x00007fff6b560000 - 0x00007fff6b585000 	C:\Program Files\Java\jdk-17\bin\java.dll
0x00007fff42600000 - 0x00007fff426d7000 	C:\Program Files\Java\jdk-17\bin\jsvml.dll
0x00007fff8fc10000 - 0x00007fff9035d000 	C:\WINDOWS\System32\SHELL32.dll
0x00007fff8e4f0000 - 0x00007fff8e65b000 	C:\WINDOWS\System32\wintypes.dll
0x00007fff8bfd0000 - 0x00007fff8c82d000 	C:\WINDOWS\SYSTEM32\windows.storage.dll
0x00007fff909e0000 - 0x00007fff90ad2000 	C:\WINDOWS\System32\SHCORE.dll
0x00007fff8f970000 - 0x00007fff8f9d2000 	C:\WINDOWS\System32\shlwapi.dll
0x00007fff8e410000 - 0x00007fff8e439000 	C:\WINDOWS\SYSTEM32\profapi.dll
0x00007fff5a990000 - 0x00007fff5a9a8000 	C:\Program Files\Java\jdk-17\bin\zip.dll
0x00007fff5a9d0000 - 0x00007fff5a9e9000 	C:\Program Files\Java\jdk-17\bin\net.dll
0x00007fff84d90000 - 0x00007fff84eaf000 	C:\WINDOWS\SYSTEM32\WINHTTP.dll
0x00007fff8d830000 - 0x00007fff8d89b000 	C:\WINDOWS\system32\mswsock.dll
0x00007fff5a9b0000 - 0x00007fff5a9c6000 	C:\Program Files\Java\jdk-17\bin\nio.dll
0x00007fff6b550000 - 0x00007fff6b560000 	C:\Program Files\Java\jdk-17\bin\verify.dll
0x00007fff7c8f0000 - 0x00007fff7c917000 	C:\Users\samsung\.gradle\native\1def1411415f61bf3af743bc5b6707747c0891f09f0c88961ee8f79bc544acac\windows-amd64\native-platform.dll
0x00007fff46f20000 - 0x00007fff46f98000 	C:\Users\samsung\.gradle\native\0.2.7\x86_64-windows-gnu\gradle-fileevents.dll
0x00007fff66360000 - 0x00007fff6636a000 	C:\Program Files\Java\jdk-17\bin\management.dll
0x00007fff66300000 - 0x00007fff6630b000 	C:\Program Files\Java\jdk-17\bin\management_ext.dll
0x00007fff8ce10000 - 0x00007fff8ce44000 	C:\WINDOWS\SYSTEM32\IPHLPAPI.DLL
0x00007fff90ae0000 - 0x00007fff90aea000 	C:\WINDOWS\System32\NSI.dll
0x00007fff87810000 - 0x00007fff8782e000 	C:\WINDOWS\SYSTEM32\dhcpcsvc6.DLL
0x00007fff87760000 - 0x00007fff87783000 	C:\WINDOWS\SYSTEM32\dhcpcsvc.DLL
0x00007fff8ce50000 - 0x00007fff8cf76000 	C:\WINDOWS\SYSTEM32\DNSAPI.dll
0x00007fff8dae0000 - 0x00007fff8dafb000 	C:\WINDOWS\SYSTEM32\CRYPTSP.dll
0x00007fff8d220000 - 0x00007fff8d25b000 	C:\WINDOWS\system32\rsaenh.dll
0x00007fff8d8d0000 - 0x00007fff8d8fb000 	C:\WINDOWS\SYSTEM32\USERENV.dll
0x00007fff8e3e0000 - 0x00007fff8e406000 	C:\WINDOWS\SYSTEM32\bcrypt.dll
0x00007fff8db00000 - 0x00007fff8db0c000 	C:\WINDOWS\SYSTEM32\CRYPTBASE.dll
0x00007fff5bf80000 - 0x00007fff5bf8e000 	C:\Program Files\Java\jdk-17\bin\sunmscapi.dll
0x00007fff8efb0000 - 0x00007fff8f127000 	C:\WINDOWS\System32\CRYPT32.dll
0x00007fff8dd00000 - 0x00007fff8dd30000 	C:\WINDOWS\SYSTEM32\ncrypt.dll
0x00007fff8dcb0000 - 0x00007fff8dcef000 	C:\WINDOWS\SYSTEM32\NTASN1.dll
0x00007fff7bf20000 - 0x00007fff7bf28000 	C:\WINDOWS\system32\wshunix.dll

dbghelp: loaded successfully - version: 4.0.5 - missing functions: none
symbol engine: initialized successfully - sym options: 0x614 - pdb path: .;C:\Program Files\Java\jdk-17\bin;C:\WINDOWS\SYSTEM32;C:\WINDOWS\WinSxS\amd64_microsoft.windows.common-controls_6595b64144ccf1df_6.0.26100.6899_none_3e0efeeae32e88c1;C:\Program Files\Java\jdk-17\bin\server;C:\Users\samsung\.gradle\native\1def1411415f61bf3af743bc5b6707747c0891f09f0c88961ee8f79bc544acac\windows-amd64;C:\Users\samsung\.gradle\native\0.2.7\x86_64-windows-gnu

VM Arguments:
jvm_args: --add-opens=java.base/java.lang=ALL-UNNAMED --add-opens=java.base/java.lang.invoke=ALL-UNNAMED --add-opens=java.base/java.util=ALL-UNNAMED --add-opens=java.prefs/java.util.prefs=ALL-UNNAMED --add-exports=jdk.compiler/com.sun.tools.javac.api=ALL-UNNAMED --add-exports=jdk.compiler/com.sun.tools.javac.util=ALL-UNNAMED --add-opens=java.base/java.util=ALL-UNNAMED --add-opens=java.prefs/java.util.prefs=ALL-UNNAMED --add-opens=java.base/java.nio.charset=ALL-UNNAMED --add-opens=java.base/java.net=ALL-UNNAMED --add-opens=java.base/java.util.concurrent.atomic=ALL-UNNAMED --add-opens=java.xml/javax.xml.namespace=ALL-UNNAMED -XX:MaxMetaspaceSize=384m -XX:+HeapDumpOnOutOfMemoryError -Xms256m -Xmx512m -Dfile.encoding=x-windows-949 -Duser.country=KR -Duser.language=ko -Duser.variant -javaagent:C:\Users\samsung\.gradle\wrapper\dists\gradle-8.14.3-bin\cv11ve7ro1n3o1j4so8xd9n66\gradle-8.14.3\lib\agents\gradle-instrumentation-agent-8.14.3.jar 
java_command: org.gradle.launcher.daemon.bootstrap.GradleDaemon 8.14.3
java_class_path (initial): C:\Users\samsung\.gradle\wrapper\dists\gradle-8.14.3-bin\cv11ve7ro1n3o1j4so8xd9n66\gradle-8.14.3\lib\gradle-daemon-main-8.14.3.jar
Launcher Type: SUN_STANDARD

[Global flags]
     intx CICompilerCount                          = 12                                        {product} {ergonomic}
   size_t CompressedClassSpaceSize                 = 335544320                                 {product} {ergonomic}
     uint ConcGCThreads                            = 3                                         {product} {ergonomic}
     uint G1ConcRefinementThreads                  = 13                                        {product} {ergonomic}
   size_t G1HeapRegionSize                         = 1048576                                   {product} {ergonomic}
    uintx GCDrainStackTargetSize                   = 64                                        {product} {ergonomic}
     bool HeapDumpOnOutOfMemoryError               = true                                   {manageable} {command line}
   size_t InitialHeapSize                          = 268435456                                 {product} {command line}
   size_t MarkStackSize                            = 4194304                                   {product} {ergonomic}
   size_t MaxHeapSize                              = 536870912                                 {product} {command line}
   size_t MaxMetaspaceSize                         = 402653184                                 {product} {command line}
   size_t MaxNewSize                               = 321912832                                 {product} {ergonomic}
   size_t MinHeapDeltaBytes                        = 1048576                                   {product} {ergonomic}
   size_t MinHeapSize                              = 268435456                                 {product} {command line}
    uintx NonNMethodCodeHeapSize                   = 7602480                                {pd product} {ergonomic}
    uintx NonProfiledCodeHeapSize                  = 122027880                              {pd product} {ergonomic}
    uintx ProfiledCodeHeapSize                     = 122027880                              {pd product} {ergonomic}
    uintx ReservedCodeCacheSize                    = 251658240                              {pd product} {ergonomic}
     bool SegmentedCodeCache                       = true                                      {product} {ergonomic}
   size_t SoftMaxHeapSize                          = 536870912                              {manageable} {ergonomic}
     bool UseCompressedClassPointers               = true                           {product lp64_product} {ergonomic}
     bool UseCompressedOops                        = true                           {product lp64_product} {ergonomic}
     bool UseG1GC                                  = true                                      {product} {ergonomic}
     bool UseLargePagesIndividualAllocation        = false                                  {pd product} {ergonomic}

Logging:
Log output configuration:
 #0: stdout all=warning uptime,level,tags
 #1: stderr all=off uptime,level,tags

Environment Variables:
JAVA_HOME=C:\Program Files\Java\jdk-17
PATH=C:\Program Files\Common Files\Oracle\Java\javapath;C:\WINDOWS\system32;C:\WINDOWS;C:\WINDOWS\System32\Wbem;C:\WINDOWS\System32\WindowsPowerShell\v1.0\;C:\WINDOWS\System32\OpenSSH\;C:\Program Files\Java\jdk-17\bin;C:\Program Files\Git\cmd;C:\Program Files\Android\AndroidStudio\bin;C:\Program Files (x86)\Windows Kits\10\Windows Performance Toolkit\;C:\Program Files\nodejs\;C:\flutter_windows_3.27.1-stable\flutter\bin;C:\Program Files\Java\jdk-17\bin\;C:\Program Files\PuTTY\;C:\Program Files\MySQL\MySQL Shell 8.0\bin\;C:\Users\samsung\AppData\Local\Programs\Python\Python311\Scripts\;C:\Users\samsung\AppData\Local\Programs\Python\Python311\;C:\Users\samsung\AppData\Local\Microsoft\WindowsApps;C:\Program Files\JetBrains\IntelliJ IDEA 2025.1.3\bin;;C:\Users\samsung\AppData\Local\Programs\Microsoft VS Code\bin;C:\Users\samsung\AppData\Roaming\npm;C:\flutter\bin;C:\Users\samsung\AppData\Local\GitHubDesktop\bin;
USERNAME=samsung
OS=Windows_NT
PROCESSOR_IDENTIFIER=Intel64 Family 6 Model 186 Stepping 2, GenuineIntel



---------------  S Y S T E M  ---------------

OS:
 Windows 11 , 64 bit Build 26100 (10.0.26100.6725)
OS uptime: 7 days 18:20 hours
Hyper-V role detected

CPU: total 16 (initial active 16) (8 cores per cpu, 2 threads per core) family 6 model 186 stepping 2 microcode 0x410e, cx8, cmov, fxsr, ht, mmx, 3dnowpref, sse, sse2, sse3, ssse3, sse4.1, sse4.2, popcnt, lzcnt, tsc, tscinvbit, avx, avx2, aes, erms, clmul, bmi1, bmi2, adx, sha, fma, vzeroupper, clflush, clflushopt, clwb, hv

Memory: 4k page, system-wide physical 7751M (988M free)
TotalPageFile size 31303M (AvailPageFile size 4M)
current process WorkingSet (physical memory assigned to process): 224M, peak: 224M
current process commit charge ("private bytes"): 443M, peak: 443M

vm_info: Java HotSpot(TM) 64-Bit Server VM (17.0.12+8-LTS-286) for windows-amd64 JRE (17.0.12+8-LTS-286), built on Jun  5 2024 06:46:59 by "mach5one" with MS VC++ 17.6 (VS2022)

END.
